2023-09-20 19:03:45,507 INFO autoreload Watching for file changes with StatReloader
2023-09-20 19:04:46,534 INFO autoreload C:\Users\CORSAIR_90\PycharmProjects\Task_NewsPortal\NewsPortal\NewsPortal\settings.py changed, reloading.
2023-09-20 19:04:47,260 INFO autoreload Watching for file changes with StatReloader
2023-09-20 19:05:20,014 INFO autoreload C:\Users\CORSAIR_90\PycharmProjects\Task_NewsPortal\NewsPortal\NewsPortal\settings.py changed, reloading.
2023-09-20 19:24:51,928 -- INFO -- autoreload -- Watching for file changes with StatReloader
2023-09-20 19:26:04,112 -- WARNING -- log -- Not Found: /news/500
2023-09-20 19:26:04,112 -- WARNING -- basehttp -- "GET /news/500 HTTP/1.1" 404 179
2023-09-20 19:38:47,218 -- INFO -- autoreload -- C:\Users\CORSAIR_90\PycharmProjects\Task_NewsPortal\NewsPortal\news\views.py changed, reloading.
2023-09-20 19:38:47,977 -- INFO -- autoreload -- Watching for file changes with StatReloader
2023-09-20 19:38:48,564 -- INFO -- basehttp -- "GET /news/ HTTP/1.1" 200 6052
2023-09-20 19:38:57,780 -- INFO -- basehttp -- "GET /news/ HTTP/1.1" 200 6052
2023-09-20 19:38:58,668 -- INFO -- basehttp -- "GET /news/ HTTP/1.1" 200 6052
2023-09-20 19:39:09,232 -- WARNING -- log -- Not Found: /
2023-09-20 19:39:09,232 -- WARNING -- basehttp -- "GET / HTTP/1.1" 404 179
2023-09-20 19:39:12,828 -- WARNING -- log -- Not Found: /
2023-09-20 19:39:12,828 -- WARNING -- basehttp -- "GET / HTTP/1.1" 404 179
2023-09-20 19:39:47,660 -- INFO -- basehttp -- "GET /news/ HTTP/1.1" 200 6052
2023-09-20 19:40:12,938 -- INFO -- autoreload -- C:\Users\CORSAIR_90\PycharmProjects\Task_NewsPortal\NewsPortal\NewsPortal\settings.py changed, reloading.
2023-09-20 19:41:27,948 -- INFO -- autoreload -- Watching for file changes with StatReloader
2023-09-20 19:43:10,651 -- INFO -- autoreload -- C:\Users\CORSAIR_90\PycharmProjects\Task_NewsPortal\NewsPortal\news\urls.py changed, reloading.
2023-09-20 19:43:11,347 -- INFO -- autoreload -- Watching for file changes with StatReloader
2023-09-20 19:43:15,218 -- INFO -- basehttp -- "GET /news/ HTTP/1.1" 200 6052
2023-09-20 19:43:19,222 -- INFO -- basehttp -- "GET / HTTP/1.1" 200 3285
2023-09-20 19:43:59,418 -- ERROR -- log -- Internal Server Error: /news/test/
2023-09-20 19:44:00,658 -- ERROR -- basehttp -- "GET /news/test/ HTTP/1.1" 500 0
2023-09-20 19:49:00,631 -- INFO -- basehttp -- "GET /news/ HTTP/1.1" 200 6052
2023-09-20 19:49:43,553 -- INFO -- basehttp -- "GET /news/ HTTP/1.1" 200 6052
2023-09-20 19:49:47,744 -- INFO -- basehttp -- "GET / HTTP/1.1" 200 3292
2023-09-20 19:49:50,474 -- INFO -- basehttp -- "GET /news/ HTTP/1.1" 200 6052
2023-09-20 19:49:52,607 -- INFO -- basehttp -- "GET /news/ HTTP/1.1" 200 6052
2023-09-20 19:49:53,235 -- INFO -- basehttp -- "GET /news/ HTTP/1.1" 200 6052
2023-09-20 19:49:56,710 -- INFO -- basehttp -- "GET /news/ HTTP/1.1" 200 6052
2023-09-20 19:50:07,361 -- INFO -- basehttp -- "GET /news/238 HTTP/1.1" 200 4333
2023-09-20 19:59:18,807 -- INFO -- autoreload -- C:\Users\CORSAIR_90\PycharmProjects\Task_NewsPortal\NewsPortal\NewsPortal\settings.py changed, reloading.
